Java home: /usr/lib/jvm/java-11-openjdk-amd64
Downloaded 1 missing file(s) / 40
Downloaded 2 missing file(s) / 40
Downloaded 3 missing file(s) / 40
Downloaded 4 missing file(s) / 40
Downloaded 5 missing file(s) / 40
Downloaded 6 missing file(s) / 40
Downloaded 7 missing file(s) / 40
Downloaded 8 missing file(s) / 40
Downloaded 9 missing file(s) / 40
Downloaded 10 missing file(s) / 40
Downloaded 11 missing file(s) / 40
Downloaded 12 missing file(s) / 40
Downloaded 13 missing file(s) / 40
Downloaded 14 missing file(s) / 40
Downloaded 15 missing file(s) / 40
Downloaded 16 missing file(s) / 40
Downloaded 17 missing file(s) / 40
Downloaded 18 missing file(s) / 40
Downloaded 19 missing file(s) / 40
Downloaded 20 missing file(s) / 40
Downloaded 21 missing file(s) / 40
Downloaded 22 missing file(s) / 40
Downloaded 23 missing file(s) / 40
Downloaded 24 missing file(s) / 40
Downloaded 25 missing file(s) / 40
Downloaded 26 missing file(s) / 40
Downloaded 27 missing file(s) / 40
Downloaded 28 missing file(s) / 40
Downloaded 29 missing file(s) / 40
Downloaded 30 missing file(s) / 40
Downloaded 31 missing file(s) / 40
Downloaded 32 missing file(s) / 40
Downloaded 33 missing file(s) / 40
Downloaded 34 missing file(s) / 40
Downloaded 35 missing file(s) / 40
Downloaded 36 missing file(s) / 40
Downloaded 37 missing file(s) / 40
Downloaded 38 missing file(s) / 40
Downloaded 39 missing file(s) / 40
Downloaded 40 missing file(s) / 40
Downloading https://repo1.maven.org/maven2/org/scalameta/metals_2.12/0.9.2/metals_2.12-0.9.2.pom
Downloaded https://repo1.maven.org/maven2/org/scalameta/metals_2.12/0.9.2/metals_2.12-0.9.2.pom
Downloading https://repo1.maven.org/maven2/org/flywaydb/flyway-core/6.5.1/flyway-core-6.5.1.pom
Downloading https://repo1.maven.org/maven2/com/google/guava/guava/29.0-jre/guava-29.0-jre.pom
Downloading https://repo1.maven.org/maven2/org/scalameta/semanticdb-scalac-core_2.12.12/4.3.20/semanticdb-scalac-core_2.12.12-4.3.20.pom
Downloading https://repo1.maven.org/maven2/org/jboss/xnio/xnio-nio/3.8.1.Final/xnio-nio-3.8.1.Final.pom
Downloading https://repo1.maven.org/maven2/com/thoughtworks/qdox/qdox/2.0.0/qdox-2.0.0.pom
Downloading https://repo1.maven.org/maven2/net/java/dev/jna/jna-platform/5.6.0/jna-platform-5.6.0.pom
Downloaded https://repo1.maven.org/maven2/net/java/dev/jna/jna-platform/5.6.0/jna-platform-5.6.0.pom
Downloaded https://repo1.maven.org/maven2/org/flywaydb/flyway-core/6.5.1/flyway-core-6.5.1.pom
Downloading https://repo1.maven.org/maven2/com/outr/scribe-slf4j_2.12/2.7.12/scribe-slf4j_2.12-2.7.12.pom
Downloading https://repo1.maven.org/maven2/ch/epfl/scala/bloop-launcher_2.12/1.4.3/bloop-launcher_2.12-1.4.3.pom
Downloaded https://repo1.maven.org/maven2/org/scalameta/semanticdb-scalac-core_2.12.12/4.3.20/semanticdb-scalac-core_2.12.12-4.3.20.pom
Downloading https://repo1.maven.org/maven2/org/openjdk/jol/jol-core/0.10/jol-core-0.10.pom
Downloaded https://repo1.maven.org/maven2/com/google/guava/guava/29.0-jre/guava-29.0-jre.pom
Downloading https://repo1.maven.org/maven2/com/lihaoyi/pprint_2.12/0.5.9/pprint_2.12-0.5.9.pom
Downloaded https://repo1.maven.org/maven2/org/jboss/xnio/xnio-nio/3.8.1.Final/xnio-nio-3.8.1.Final.pom
Downloading https://repo1.maven.org/maven2/net/java/dev/jna/jna/5.6.0/jna-5.6.0.pom
Downloaded https://repo1.maven.org/maven2/org/openjdk/jol/jol-core/0.10/jol-core-0.10.pom
Downloading https://repo1.maven.org/maven2/com/h2database/h2/1.4.200/h2-1.4.200.pom
Downloaded https://repo1.maven.org/maven2/ch/epfl/scala/bloop-launcher_2.12/1.4.3/bloop-launcher_2.12-1.4.3.pom
Downloading https://repo1.maven.org/maven2/io/undertow/undertow-core/2.1.3.Final/undertow-core-2.1.3.Final.pom
Downloaded https://repo1.maven.org/maven2/com/lihaoyi/pprint_2.12/0.5.9/pprint_2.12-0.5.9.pom
Downloading https://repo1.maven.org/maven2/org/scalameta/mdoc-interfaces/2.2.3/mdoc-interfaces-2.2.3.pom
Downloaded https://repo1.maven.org/maven2/com/outr/scribe-slf4j_2.12/2.7.12/scribe-slf4j_2.12-2.7.12.pom
Downloading https://repo1.maven.org/maven2/ch/epfl/scala/bsp4j/2.0.0-M4+10-61e61e87/bsp4j-2.0.0-M4+10-61e61e87.pom
Downloaded https://repo1.maven.org/maven2/net/java/dev/jna/jna/5.6.0/jna-5.6.0.pom
Downloading https://repo1.maven.org/maven2/com/geirsson/metaconfig-core_2.12/0.9.10/metaconfig-core_2.12-0.9.10.pom
Downloaded https://repo1.maven.org/maven2/org/scalameta/mdoc-interfaces/2.2.3/mdoc-interfaces-2.2.3.pom
Downloading https://repo1.maven.org/maven2/io/github/soc/directories/12/directories-12.pom
Downloaded https://repo1.maven.org/maven2/ch/epfl/scala/bsp4j/2.0.0-M4+10-61e61e87/bsp4j-2.0.0-M4+10-61e61e87.pom
Downloading https://repo1.maven.org/maven2/io/methvin/directory-watcher/0.9.10/directory-watcher-0.9.10.pom
Downloaded https://repo1.maven.org/maven2/io/undertow/undertow-core/2.1.3.Final/undertow-core-2.1.3.Final.pom
Downloading https://repo1.maven.org/maven2/org/eclipse/lsp4j/org.eclipse.lsp4j/0.9.0/org.eclipse.lsp4j-0.9.0.pom
Downloaded https://repo1.maven.org/maven2/com/geirsson/metaconfig-core_2.12/0.9.10/metaconfig-core_2.12-0.9.10.pom
Downloading https://repo1.maven.org/maven2/io/get-coursier/interface/0.0.24/interface-0.0.24.pom
Downloaded https://repo1.maven.org/maven2/io/github/soc/directories/12/directories-12.pom
Downloading https://repo1.maven.org/maven2/org/eclipse/lsp4j/org.eclipse.lsp4j.debug/0.9.0/org.eclipse.lsp4j.debug-0.9.0.pom
Downloaded https://repo1.maven.org/maven2/com/thoughtworks/qdox/qdox/2.0.0/qdox-2.0.0.pom
Downloading https://repo1.maven.org/maven2/org/scala-lang/scala-library/2.12.12/scala-library-2.12.12.pom
Downloaded https://repo1.maven.org/maven2/org/eclipse/lsp4j/org.eclipse.lsp4j/0.9.0/org.eclipse.lsp4j-0.9.0.pom
Downloading https://repo1.maven.org/maven2/com/zaxxer/nuprocess/2.0.1/nuprocess-2.0.1.pom
Downloaded https://repo1.maven.org/maven2/io/methvin/directory-watcher/0.9.10/directory-watcher-0.9.10.pom
Downloading https://repo1.maven.org/maven2/io/github/alexarchambault/ammonite/ammonite-runner_2.12/0.2.7/ammonite-runner_2.12-0.2.7.pom
Downloaded https://repo1.maven.org/maven2/io/get-coursier/interface/0.0.24/interface-0.0.24.pom
Downloading https://repo1.maven.org/maven2/org/scalameta/mtags_2.12.12/0.9.2/mtags_2.12.12-0.9.2.pom
Downloaded https://repo1.maven.org/maven2/org/eclipse/lsp4j/org.eclipse.lsp4j.debug/0.9.0/org.eclipse.lsp4j.debug-0.9.0.pom
Downloading https://repo1.maven.org/maven2/com/lihaoyi/ujson_2.12/1.1.0/ujson_2.12-1.1.0.pom
Downloaded https://repo1.maven.org/maven2/com/zaxxer/nuprocess/2.0.1/nuprocess-2.0.1.pom
Downloaded https://repo1.maven.org/maven2/org/scala-lang/scala-library/2.12.12/scala-library-2.12.12.pom
Downloading https://repo1.maven.org/maven2/com/outr/scribe_2.12/2.7.12/scribe_2.12-2.7.12.pom
Downloading https://repo1.maven.org/maven2/com/lihaoyi/requests_2.12/0.6.2/requests_2.12-0.6.2.pom
Downloaded https://repo1.maven.org/maven2/io/github/alexarchambault/ammonite/ammonite-runner_2.12/0.2.7/ammonite-runner_2.12-0.2.7.pom
Downloading https://repo1.maven.org/maven2/org/scala-sbt/ipcsocket/ipcsocket/1.1.0/ipcsocket-1.1.0.pom
Downloaded https://repo1.maven.org/maven2/org/scalameta/mtags_2.12.12/0.9.2/mtags_2.12.12-0.9.2.pom
Downloading https://repo1.maven.org/maven2/org/scalameta/scalameta_2.12/4.3.20/scalameta_2.12-4.3.20.pom
Downloaded https://repo1.maven.org/maven2/com/lihaoyi/ujson_2.12/1.1.0/ujson_2.12-1.1.0.pom
Downloading https://repo1.maven.org/maven2/org/scalameta/scalafmt-dynamic_2.12/2.6.3/scalafmt-dynamic_2.12-2.6.3.pom
Downloaded https://repo1.maven.org/maven2/com/h2database/h2/1.4.200/h2-1.4.200.pom
Downloaded https://repo1.maven.org/maven2/com/lihaoyi/requests_2.12/0.6.2/requests_2.12-0.6.2.pom
Downloading https://repo1.maven.org/maven2/org/scala-lang/modules/scala-java8-compat_2.12/0.9.1/scala-java8-compat_2.12-0.9.1.pom
Downloaded https://repo1.maven.org/maven2/com/outr/scribe_2.12/2.7.12/scribe_2.12-2.7.12.pom
Downloaded https://repo1.maven.org/maven2/org/scala-sbt/ipcsocket/ipcsocket/1.1.0/ipcsocket-1.1.0.pom
Downloaded https://repo1.maven.org/maven2/org/scalameta/scalameta_2.12/4.3.20/scalameta_2.12-4.3.20.pom
Downloaded https://repo1.maven.org/maven2/org/scalameta/scalafmt-dynamic_2.12/2.6.3/scalafmt-dynamic_2.12-2.6.3.pom
Downloaded https://repo1.maven.org/maven2/org/scala-lang/modules/scala-java8-compat_2.12/0.9.1/scala-java8-compat_2.12-0.9.1.pom
Downloading https://repo1.maven.org/maven2/org/sonatype/oss/oss-parent/9/oss-parent-9.pom
Downloading https://repo1.maven.org/maven2/org/openjdk/jol/jol-parent/0.10/jol-parent-0.10.pom
Downloading https://repo1.maven.org/maven2/org/flywaydb/flyway-parent/6.5.1/flyway-parent-6.5.1.pom
Downloading https://repo1.maven.org/maven2/org/jboss/xnio/xnio-all/3.8.1.Final/xnio-all-3.8.1.Final.pom
Downloading https://repo1.maven.org/maven2/io/undertow/undertow-parent/2.1.3.Final/undertow-parent-2.1.3.Final.pom
Downloading https://repo1.maven.org/maven2/com/google/guava/guava-parent/29.0-jre/guava-parent-29.0-jre.pom
Downloaded https://repo1.maven.org/maven2/org/openjdk/jol/jol-parent/0.10/jol-parent-0.10.pom
Downloaded https://repo1.maven.org/maven2/org/jboss/xnio/xnio-all/3.8.1.Final/xnio-all-3.8.1.Final.pom
Downloaded https://repo1.maven.org/maven2/org/sonatype/oss/oss-parent/9/oss-parent-9.pom
Downloaded https://repo1.maven.org/maven2/org/flywaydb/flyway-parent/6.5.1/flyway-parent-6.5.1.pom
Downloaded https://repo1.maven.org/maven2/io/undertow/undertow-parent/2.1.3.Final/undertow-parent-2.1.3.Final.pom
Downloaded https://repo1.maven.org/maven2/com/google/guava/guava-parent/29.0-jre/guava-parent-29.0-jre.pom
Downloading https://repo1.maven.org/maven2/org/sonatype/oss/oss-parent/7/oss-parent-7.pom
Downloaded https://repo1.maven.org/maven2/org/sonatype/oss/oss-parent/7/oss-parent-7.pom
Downloading https://repo1.maven.org/maven2/org/jboss/jboss-parent/35/jboss-parent-35.pom
Downloaded https://repo1.maven.org/maven2/org/jboss/jboss-parent/35/jboss-parent-35.pom
Downloading https://repo1.maven.org/maven2/org/jboss/xnio/xnio-api/3.8.1.Final/xnio-api-3.8.1.Final.pom
Downloading https://repo1.maven.org/maven2/org/scalameta/parsers_2.12/4.3.20/parsers_2.12-4.3.20.pom
Downloading https://repo1.maven.org/maven2/org/scala-lang/modules/scala-xml_2.12/1.2.0/scala-xml_2.12-1.2.0.pom
Downloading https://repo1.maven.org/maven2/org/eclipse/lsp4j/org.eclipse.lsp4j.jsonrpc.debug/0.9.0/org.eclipse.lsp4j.jsonrpc.debug-0.9.0.pom
Downloading https://repo1.maven.org/maven2/com/google/errorprone/error_prone_annotations/2.3.4/error_prone_annotations-2.3.4.pom
Downloading https://repo1.maven.org/maven2/com/lihaoyi/upickle-core_2.12/1.1.0/upickle-core_2.12-1.1.0.pom
Downloaded https://repo1.maven.org/maven2/org/scala-lang/modules/scala-xml_2.12/1.2.0/scala-xml_2.12-1.2.0.pom
Downloading https://repo1.maven.org/maven2/org/scala-lang/modules/scala-collection-compat_2.12/2.1.2/scala-collection-compat_2.12-2.1.2.pom
Downloaded https://repo1.maven.org/maven2/org/jboss/xnio/xnio-api/3.8.1.Final/xnio-api-3.8.1.Final.pom
Downloading https://repo1.maven.org/maven2/com/lihaoyi/sourcecode_2.12/0.2.1/sourcecode_2.12-0.2.1.pom
Downloaded https://repo1.maven.org/maven2/org/eclipse/lsp4j/org.eclipse.lsp4j.jsonrpc.debug/0.9.0/org.eclipse.lsp4j.jsonrpc.debug-0.9.0.pom
Downloading https://repo1.maven.org/maven2/com/google/j2objc/j2objc-annotations/1.3/j2objc-annotations-1.3.pom
Downloaded https://repo1.maven.org/maven2/com/google/errorprone/error_prone_annotations/2.3.4/error_prone_annotations-2.3.4.pom
Downloading https://repo1.maven.org/maven2/com/typesafe/config/1.4.0/config-1.4.0.pom
Downloaded https://repo1.maven.org/maven2/org/scalameta/parsers_2.12/4.3.20/parsers_2.12-4.3.20.pom
Downloading https://repo1.maven.org/maven2/io/get-coursier/coursier-launcher_2.12/2.0.0-RC6-21/coursier-launcher_2.12-2.0.0-RC6-21.pom
Downloaded https://repo1.maven.org/maven2/com/lihaoyi/sourcecode_2.12/0.2.1/sourcecode_2.12-0.2.1.pom
Downloaded https://repo1.maven.org/maven2/org/scala-lang/modules/scala-collection-compat_2.12/2.1.2/scala-collection-compat_2.12-2.1.2.pom
Downloading https://repo1.maven.org/maven2/org/lz4/lz4-java/1.7.1/lz4-java-1.7.1.pom
Downloading https://repo1.maven.org/maven2/org/typelevel/paiges-core_2.12/0.3.0/paiges-core_2.12-0.3.0.pom
Downloaded https://repo1.maven.org/maven2/com/google/j2objc/j2objc-annotations/1.3/j2objc-annotations-1.3.pom
Downloading https://repo1.maven.org/maven2/org/jboss/threads/jboss-threads/3.1.0.Final/jboss-threads-3.1.0.Final.pom
Downloaded https://repo1.maven.org/maven2/com/typesafe/config/1.4.0/config-1.4.0.pom
Downloading https://repo1.maven.org/maven2/com/google/code/findbugs/jsr305/3.0.2/jsr305-3.0.2.pom
Downloaded https://repo1.maven.org/maven2/io/get-coursier/coursier-launcher_2.12/2.0.0-RC6-21/coursier-launcher_2.12-2.0.0-RC6-21.pom
Downloading https://repo1.maven.org/maven2/com/google/guava/listenablefuture/9999.0-empty-to-avoid-conflict-with-guava/listenablefuture-9999.0-empty-to-avoid-conflict-with-guava.pom
Downloaded https://repo1.maven.org/maven2/org/lz4/lz4-java/1.7.1/lz4-java-1.7.1.pom
Downloaded https://repo1.maven.org/maven2/org/typelevel/paiges-core_2.12/0.3.0/paiges-core_2.12-0.3.0.pom
Downloading https://repo1.maven.org/maven2/com/outr/scribe-macros_2.12/2.7.12/scribe-macros_2.12-2.7.12.pom
Downloading https://repo1.maven.org/maven2/org/eclipse/lsp4j/org.eclipse.lsp4j.generator/0.9.0/org.eclipse.lsp4j.generator-0.9.0.pom
Downloaded https://repo1.maven.org/maven2/com/lihaoyi/upickle-core_2.12/1.1.0/upickle-core_2.12-1.1.0.pom
Downloading https://repo1.maven.org/maven2/org/jsoup/jsoup/1.13.1/jsoup-1.13.1.pom
Downloaded https://repo1.maven.org/maven2/org/jboss/threads/jboss-threads/3.1.0.Final/jboss-threads-3.1.0.Final.pom
Downloading https://repo1.maven.org/maven2/com/googlecode/java-diff-utils/diffutils/1.3.0/diffutils-1.3.0.pom
Downloaded https://repo1.maven.org/maven2/com/google/code/findbugs/jsr305/3.0.2/jsr305-3.0.2.pom
Downloading https://repo1.maven.org/maven2/org/scalameta/scalafmt-interfaces/2.6.3/scalafmt-interfaces-2.6.3.pom
Downloaded https://repo1.maven.org/maven2/com/google/guava/listenablefuture/9999.0-empty-to-avoid-conflict-with-guava/listenablefuture-9999.0-empty-to-avoid-conflict-with-guava.pom
Downloading https://repo1.maven.org/maven2/com/google/guava/failureaccess/1.0.1/failureaccess-1.0.1.pom
Downloaded https://repo1.maven.org/maven2/com/outr/scribe-macros_2.12/2.7.12/scribe-macros_2.12-2.7.12.pom
Downloaded https://repo1.maven.org/maven2/org/eclipse/lsp4j/org.eclipse.lsp4j.generator/0.9.0/org.eclipse.lsp4j.generator-0.9.0.pom
Downloading https://repo1.maven.org/maven2/org/scala-lang/scalap/2.12.12/scalap-2.12.12.pom
Downloaded https://repo1.maven.org/maven2/org/jsoup/jsoup/1.13.1/jsoup-1.13.1.pom
Downloading https://repo1.maven.org/maven2/com/lihaoyi/geny_2.12/0.6.0/geny_2.12-0.6.0.pom
Downloading https://repo1.maven.org/maven2/org/scala-lang/scala-compiler/2.12.12/scala-compiler-2.12.12.pom
Downloaded https://repo1.maven.org/maven2/com/googlecode/java-diff-utils/diffutils/1.3.0/diffutils-1.3.0.pom
Downloading https://repo1.maven.org/maven2/com/outr/perfolation_2.12/1.1.7/perfolation_2.12-1.1.7.pom
Downloaded https://repo1.maven.org/maven2/org/scalameta/scalafmt-interfaces/2.6.3/scalafmt-interfaces-2.6.3.pom
Downloading https://repo1.maven.org/maven2/org/eclipse/lsp4j/org.eclipse.lsp4j.jsonrpc/0.9.0/org.eclipse.lsp4j.jsonrpc-0.9.0.pom
Downloaded https://repo1.maven.org/maven2/com/google/guava/failureaccess/1.0.1/failureaccess-1.0.1.pom
Downloading https://repo1.maven.org/maven2/com/lihaoyi/fansi_2.12/0.2.9/fansi_2.12-0.2.9.pom
Downloaded https://repo1.maven.org/maven2/org/scala-lang/scala-compiler/2.12.12/scala-compiler-2.12.12.pom
Downloaded https://repo1.maven.org/maven2/com/lihaoyi/geny_2.12/0.6.0/geny_2.12-0.6.0.pom
Downloading https://repo1.maven.org/maven2/org/checkerframework/checker-qual/2.11.1/checker-qual-2.11.1.pom
Downloading https://repo1.maven.org/maven2/org/jboss/logging/jboss-logging/3.4.1.Final/jboss-logging-3.4.1.Final.pom
Downloaded https://repo1.maven.org/maven2/org/scala-lang/scalap/2.12.12/scalap-2.12.12.pom
Downloading https://repo1.maven.org/maven2/org/scalameta/mtags-interfaces/0.9.2/mtags-interfaces-0.9.2.pom
Downloaded https://repo1.maven.org/maven2/com/outr/perfolation_2.12/1.1.7/perfolation_2.12-1.1.7.pom
Downloading https://repo1.maven.org/maven2/org/slf4j/slf4j-api/1.7.30/slf4j-api-1.7.30.pom
Downloaded https://repo1.maven.org/maven2/org/eclipse/lsp4j/org.eclipse.lsp4j.jsonrpc/0.9.0/org.eclipse.lsp4j.jsonrpc-0.9.0.pom
Downloaded https://repo1.maven.org/maven2/com/lihaoyi/fansi_2.12/0.2.9/fansi_2.12-0.2.9.pom
Downloaded https://repo1.maven.org/maven2/org/jboss/logging/jboss-logging/3.4.1.Final/jboss-logging-3.4.1.Final.pom
Downloaded https://repo1.maven.org/maven2/org/checkerframework/checker-qual/2.11.1/checker-qual-2.11.1.pom
Downloaded https://repo1.maven.org/maven2/org/scalameta/mtags-interfaces/0.9.2/mtags-interfaces-0.9.2.pom
Downloaded https://repo1.maven.org/maven2/org/slf4j/slf4j-api/1.7.30/slf4j-api-1.7.30.pom
Downloading https://repo1.maven.org/maven2/com/google/guava/guava-parent/26.0-android/guava-parent-26.0-android.pom
Downloading https://repo1.maven.org/maven2/org/jboss/jboss-parent/36/jboss-parent-36.pom
Downloading https://repo1.maven.org/maven2/org/slf4j/slf4j-parent/1.7.30/slf4j-parent-1.7.30.pom
Downloading https://repo1.maven.org/maven2/com/google/errorprone/error_prone_parent/2.3.4/error_prone_parent-2.3.4.pom
Downloaded https://repo1.maven.org/maven2/org/slf4j/slf4j-parent/1.7.30/slf4j-parent-1.7.30.pom
Downloaded https://repo1.maven.org/maven2/com/google/guava/guava-parent/26.0-android/guava-parent-26.0-android.pom
Downloaded https://repo1.maven.org/maven2/org/jboss/jboss-parent/36/jboss-parent-36.pom
Downloaded https://repo1.maven.org/maven2/com/google/errorprone/error_prone_parent/2.3.4/error_prone_parent-2.3.4.pom
Downloading https://repo1.maven.org/maven2/org/jboss/jboss-parent/34/jboss-parent-34.pom
Downloaded https://repo1.maven.org/maven2/org/jboss/jboss-parent/34/jboss-parent-34.pom
Downloading https://repo1.maven.org/maven2/com/google/code/gson/gson/2.8.2/gson-2.8.2.pom
Downloading https://repo1.maven.org/maven2/org/wildfly/common/wildfly-common/1.5.2.Final/wildfly-common-1.5.2.Final.pom
Downloading https://repo1.maven.org/maven2/org/scala-lang/modules/scala-collection-compat_2.12/2.1.4/scala-collection-compat_2.12-2.1.4.pom
Downloading https://repo1.maven.org/maven2/com/outr/perfolation-macros_2.12/1.1.7/perfolation-macros_2.12-1.1.7.pom
Downloading https://repo1.maven.org/maven2/org/scala-lang/scala-reflect/2.12.12/scala-reflect-2.12.12.pom
Downloading https://repo1.maven.org/maven2/org/wildfly/client/wildfly-client-config/1.0.1.Final/wildfly-client-config-1.0.1.Final.pom
Downloaded https://repo1.maven.org/maven2/com/outr/perfolation-macros_2.12/1.1.7/perfolation-macros_2.12-1.1.7.pom
Downloading https://repo1.maven.org/maven2/org/scalameta/trees_2.12/4.3.20/trees_2.12-4.3.20.pom
Downloaded https://repo1.maven.org/maven2/org/scala-lang/modules/scala-collection-compat_2.12/2.1.4/scala-collection-compat_2.12-2.1.4.pom
Downloaded https://repo1.maven.org/maven2/org/wildfly/common/wildfly-common/1.5.2.Final/wildfly-common-1.5.2.Final.pom
Downloading https://repo1.maven.org/maven2/org/eclipse/xtend/org.eclipse.xtend.lib/2.19.0/org.eclipse.xtend.lib-2.19.0.pom
Downloaded https://repo1.maven.org/maven2/org/wildfly/client/wildfly-client-config/1.0.1.Final/wildfly-client-config-1.0.1.Final.pom
Downloaded https://repo1.maven.org/maven2/com/google/code/gson/gson/2.8.2/gson-2.8.2.pom
Downloaded https://repo1.maven.org/maven2/org/scalameta/trees_2.12/4.3.20/trees_2.12-4.3.20.pom
Downloaded https://repo1.maven.org/maven2/org/eclipse/xtend/org.eclipse.xtend.lib/2.19.0/org.eclipse.xtend.lib-2.19.0.pom
Downloaded https://repo1.maven.org/maven2/org/scala-lang/scala-reflect/2.12.12/scala-reflect-2.12.12.pom
Downloading https://repo1.maven.org/maven2/org/eclipse/xtext/xtext-dev-bom/2.19.0/xtext-dev-bom-2.19.0.pom
Downloading https://repo1.maven.org/maven2/org/jboss/jboss-parent/23/jboss-parent-23.pom
Downloading https://repo1.maven.org/maven2/com/google/code/gson/gson-parent/2.8.2/gson-parent-2.8.2.pom
Downloaded https://repo1.maven.org/maven2/org/eclipse/xtext/xtext-dev-bom/2.19.0/xtext-dev-bom-2.19.0.pom
Downloaded https://repo1.maven.org/maven2/org/jboss/jboss-parent/23/jboss-parent-23.pom
Downloaded https://repo1.maven.org/maven2/com/google/code/gson/gson-parent/2.8.2/gson-parent-2.8.2.pom
Downloading https://repo1.maven.org/maven2/org/scalameta/fastparse_2.12/1.0.1/fastparse_2.12-1.0.1.pom
Downloading https://repo1.maven.org/maven2/org/eclipse/xtend/org.eclipse.xtend.lib.macro/2.19.0/org.eclipse.xtend.lib.macro-2.19.0.pom
Downloading https://repo1.maven.org/maven2/com/thesamet/scalapb/scalapb-runtime_2.12/0.10.3/scalapb-runtime_2.12-0.10.3.pom
Downloading https://repo1.maven.org/maven2/org/eclipse/xtext/org.eclipse.xtext.xbase.lib/2.19.0/org.eclipse.xtext.xbase.lib-2.19.0.pom
Downloading https://repo1.maven.org/maven2/org/scalameta/common_2.12/4.3.20/common_2.12-4.3.20.pom
Downloaded https://repo1.maven.org/maven2/com/thesamet/scalapb/scalapb-runtime_2.12/0.10.3/scalapb-runtime_2.12-0.10.3.pom
Downloaded https://repo1.maven.org/maven2/org/scalameta/fastparse_2.12/1.0.1/fastparse_2.12-1.0.1.pom
Downloaded https://repo1.maven.org/maven2/org/scalameta/common_2.12/4.3.20/common_2.12-4.3.20.pom
Downloaded https://repo1.maven.org/maven2/org/eclipse/xtext/org.eclipse.xtext.xbase.lib/2.19.0/org.eclipse.xtext.xbase.lib-2.19.0.pom
Downloaded https://repo1.maven.org/maven2/org/eclipse/xtend/org.eclipse.xtend.lib.macro/2.19.0/org.eclipse.xtend.lib.macro-2.19.0.pom
Downloading https://repo1.maven.org/maven2/org/scalameta/fastparse-utils_2.12/1.0.1/fastparse-utils_2.12-1.0.1.pom
Downloading https://repo1.maven.org/maven2/com/google/protobuf/protobuf-java/3.11.4/protobuf-java-3.11.4.pom
Downloading https://repo1.maven.org/maven2/org/scala-lang/modules/scala-collection-compat_2.12/2.1.6/scala-collection-compat_2.12-2.1.6.pom
Downloading https://repo1.maven.org/maven2/com/thesamet/scalapb/lenses_2.12/0.10.3/lenses_2.12-0.10.3.pom
Downloading https://repo1.maven.org/maven2/com/lihaoyi/fastparse_2.12/2.3.0/fastparse_2.12-2.3.0.pom
Downloaded https://repo1.maven.org/maven2/com/thesamet/scalapb/lenses_2.12/0.10.3/lenses_2.12-0.10.3.pom
Downloaded https://repo1.maven.org/maven2/com/google/protobuf/protobuf-java/3.11.4/protobuf-java-3.11.4.pom
Downloaded https://repo1.maven.org/maven2/org/scala-lang/modules/scala-collection-compat_2.12/2.1.6/scala-collection-compat_2.12-2.1.6.pom
Downloaded https://repo1.maven.org/maven2/org/scalameta/fastparse-utils_2.12/1.0.1/fastparse-utils_2.12-1.0.1.pom
Downloaded https://repo1.maven.org/maven2/com/lihaoyi/fastparse_2.12/2.3.0/fastparse_2.12-2.3.0.pom
Downloading https://repo1.maven.org/maven2/com/google/protobuf/protobuf-parent/3.11.4/protobuf-parent-3.11.4.pom
Downloaded https://repo1.maven.org/maven2/com/google/protobuf/protobuf-parent/3.11.4/protobuf-parent-3.11.4.pom
Downloading https://repo1.maven.org/maven2/com/google/protobuf/protobuf-bom/3.11.4/protobuf-bom-3.11.4.pom
Downloaded https://repo1.maven.org/maven2/com/google/protobuf/protobuf-bom/3.11.4/protobuf-bom-3.11.4.pom
Downloading https://repo1.maven.org/maven2/com/thoughtworks/qdox/qdox/2.0.0/qdox-2.0.0.jar
Downloading https://repo1.maven.org/maven2/org/scala-lang/scala-reflect/2.12.12/scala-reflect-2.12.12.jar
Downloading https://repo1.maven.org/maven2/net/java/dev/jna/jna-platform/5.6.0/jna-platform-5.6.0.jar
Downloading https://repo1.maven.org/maven2/org/jboss/threads/jboss-threads/3.1.0.Final/jboss-threads-3.1.0.Final.jar
Downloading https://repo1.maven.org/maven2/com/typesafe/config/1.4.0/config-1.4.0.jar
Downloading https://repo1.maven.org/maven2/com/lihaoyi/upickle-core_2.12/1.1.0/upickle-core_2.12-1.1.0.jar
Downloaded https://repo1.maven.org/maven2/com/lihaoyi/upickle-core_2.12/1.1.0/upickle-core_2.12-1.1.0.jar
Downloading https://repo1.maven.org/maven2/org/scalameta/parsers_2.12/4.3.20/parsers_2.12-4.3.20.jar
Downloaded https://repo1.maven.org/maven2/com/thoughtworks/qdox/qdox/2.0.0/qdox-2.0.0.jar
Downloading https://repo1.maven.org/maven2/org/eclipse/lsp4j/org.eclipse.lsp4j/0.9.0/org.eclipse.lsp4j-0.9.0.jar
Downloaded https://repo1.maven.org/maven2/com/typesafe/config/1.4.0/config-1.4.0.jar
Downloading https://repo1.maven.org/maven2/io/github/soc/directories/12/directories-12.jar
Downloaded https://repo1.maven.org/maven2/io/github/soc/directories/12/directories-12.jar
Downloading https://repo1.maven.org/maven2/com/h2database/h2/1.4.200/h2-1.4.200.jar
Downloaded https://repo1.maven.org/maven2/org/eclipse/lsp4j/org.eclipse.lsp4j/0.9.0/org.eclipse.lsp4j-0.9.0.jar
Downloading https://repo1.maven.org/maven2/org/eclipse/lsp4j/org.eclipse.lsp4j.debug/0.9.0/org.eclipse.lsp4j.debug-0.9.0.jar
Downloaded https://repo1.maven.org/maven2/org/scalameta/parsers_2.12/4.3.20/parsers_2.12-4.3.20.jar
Downloading https://repo1.maven.org/maven2/com/google/protobuf/protobuf-java/3.11.4/protobuf-java-3.11.4.jar
Downloaded https://repo1.maven.org/maven2/org/eclipse/lsp4j/org.eclipse.lsp4j.debug/0.9.0/org.eclipse.lsp4j.debug-0.9.0.jar
Downloading https://repo1.maven.org/maven2/org/scala-lang/scalap/2.12.12/scalap-2.12.12.jar
Downloaded https://repo1.maven.org/maven2/org/jboss/threads/jboss-threads/3.1.0.Final/jboss-threads-3.1.0.Final.jar
Downloading https://repo1.maven.org/maven2/org/scalameta/fastparse-utils_2.12/1.0.1/fastparse-utils_2.12-1.0.1.jar
Downloaded https://repo1.maven.org/maven2/org/scala-lang/scalap/2.12.12/scalap-2.12.12.jar
Downloading https://repo1.maven.org/maven2/org/eclipse/lsp4j/org.eclipse.lsp4j.jsonrpc/0.9.0/org.eclipse.lsp4j.jsonrpc-0.9.0.jar
Downloaded https://repo1.maven.org/maven2/org/scalameta/fastparse-utils_2.12/1.0.1/fastparse-utils_2.12-1.0.1.jar
Downloading https://repo1.maven.org/maven2/org/scala-lang/scala-compiler/2.12.12/scala-compiler-2.12.12.jar
Downloaded https://repo1.maven.org/maven2/com/google/protobuf/protobuf-java/3.11.4/protobuf-java-3.11.4.jar
Downloading https://repo1.maven.org/maven2/com/google/errorprone/error_prone_annotations/2.3.4/error_prone_annotations-2.3.4.jar
Downloaded https://repo1.maven.org/maven2/org/eclipse/lsp4j/org.eclipse.lsp4j.jsonrpc/0.9.0/org.eclipse.lsp4j.jsonrpc-0.9.0.jar
Downloading https://repo1.maven.org/maven2/io/get-coursier/coursier-launcher_2.12/2.0.0-RC6-21/coursier-launcher_2.12-2.0.0-RC6-21.jar
Downloaded https://repo1.maven.org/maven2/com/google/errorprone/error_prone_annotations/2.3.4/error_prone_annotations-2.3.4.jar
Downloading https://repo1.maven.org/maven2/io/undertow/undertow-core/2.1.3.Final/undertow-core-2.1.3.Final.jar
Downloaded https://repo1.maven.org/maven2/org/scala-lang/scala-reflect/2.12.12/scala-reflect-2.12.12.jar
Downloading https://repo1.maven.org/maven2/com/googlecode/java-diff-utils/diffutils/1.3.0/diffutils-1.3.0.jar
Downloaded https://repo1.maven.org/maven2/com/h2database/h2/1.4.200/h2-1.4.200.jar
Downloading https://repo1.maven.org/maven2/org/wildfly/common/wildfly-common/1.5.2.Final/wildfly-common-1.5.2.Final.jar
Downloaded https://repo1.maven.org/maven2/io/get-coursier/coursier-launcher_2.12/2.0.0-RC6-21/coursier-launcher_2.12-2.0.0-RC6-21.jar
Downloading https://repo1.maven.org/maven2/org/eclipse/lsp4j/org.eclipse.lsp4j.generator/0.9.0/org.eclipse.lsp4j.generator-0.9.0.jar
Downloaded https://repo1.maven.org/maven2/com/googlecode/java-diff-utils/diffutils/1.3.0/diffutils-1.3.0.jar
Downloading https://repo1.maven.org/maven2/org/typelevel/paiges-core_2.12/0.3.0/paiges-core_2.12-0.3.0.jar
Downloaded https://repo1.maven.org/maven2/org/eclipse/lsp4j/org.eclipse.lsp4j.generator/0.9.0/org.eclipse.lsp4j.generator-0.9.0.jar
Downloading https://repo1.maven.org/maven2/org/scalameta/scalafmt-interfaces/2.6.3/scalafmt-interfaces-2.6.3.jar
Downloaded https://repo1.maven.org/maven2/org/wildfly/common/wildfly-common/1.5.2.Final/wildfly-common-1.5.2.Final.jar
Downloading https://repo1.maven.org/maven2/org/openjdk/jol/jol-core/0.10/jol-core-0.10.jar
Downloaded https://repo1.maven.org/maven2/org/typelevel/paiges-core_2.12/0.3.0/paiges-core_2.12-0.3.0.jar
Downloading https://repo1.maven.org/maven2/org/jboss/xnio/xnio-api/3.8.1.Final/xnio-api-3.8.1.Final.jar
Downloaded https://repo1.maven.org/maven2/org/scalameta/scalafmt-interfaces/2.6.3/scalafmt-interfaces-2.6.3.jar
Downloading https://repo1.maven.org/maven2/com/google/code/findbugs/jsr305/3.0.2/jsr305-3.0.2.jar
Downloaded https://repo1.maven.org/maven2/org/openjdk/jol/jol-core/0.10/jol-core-0.10.jar
Downloading https://repo1.maven.org/maven2/com/lihaoyi/fansi_2.12/0.2.9/fansi_2.12-0.2.9.jar
Downloaded https://repo1.maven.org/maven2/com/google/code/findbugs/jsr305/3.0.2/jsr305-3.0.2.jar
Downloading https://repo1.maven.org/maven2/org/slf4j/slf4j-api/1.7.30/slf4j-api-1.7.30.jar
Downloaded https://repo1.maven.org/maven2/com/lihaoyi/fansi_2.12/0.2.9/fansi_2.12-0.2.9.jar
Downloading https://repo1.maven.org/maven2/io/github/alexarchambault/ammonite/ammonite-runner_2.12/0.2.7/ammonite-runner_2.12-0.2.7.jar
Downloaded https://repo1.maven.org/maven2/org/jboss/xnio/xnio-api/3.8.1.Final/xnio-api-3.8.1.Final.jar
Downloading https://repo1.maven.org/maven2/org/wildfly/client/wildfly-client-config/1.0.1.Final/wildfly-client-config-1.0.1.Final.jar
Downloaded https://repo1.maven.org/maven2/io/undertow/undertow-core/2.1.3.Final/undertow-core-2.1.3.Final.jar
Downloading https://repo1.maven.org/maven2/org/scalameta/scalafmt-dynamic_2.12/2.6.3/scalafmt-dynamic_2.12-2.6.3.jar
Downloaded https://repo1.maven.org/maven2/org/slf4j/slf4j-api/1.7.30/slf4j-api-1.7.30.jar
Downloading https://repo1.maven.org/maven2/com/outr/perfolation-macros_2.12/1.1.7/perfolation-macros_2.12-1.1.7.jar
Downloaded https://repo1.maven.org/maven2/io/github/alexarchambault/ammonite/ammonite-runner_2.12/0.2.7/ammonite-runner_2.12-0.2.7.jar
Downloading https://repo1.maven.org/maven2/com/google/guava/listenablefuture/9999.0-empty-to-avoid-conflict-with-guava/listenablefuture-9999.0-empty-to-avoid-conflict-with-guava.jar
Downloaded https://repo1.maven.org/maven2/org/wildfly/client/wildfly-client-config/1.0.1.Final/wildfly-client-config-1.0.1.Final.jar
Downloading https://repo1.maven.org/maven2/com/geirsson/metaconfig-core_2.12/0.9.10/metaconfig-core_2.12-0.9.10.jar
Downloaded https://repo1.maven.org/maven2/org/scalameta/scalafmt-dynamic_2.12/2.6.3/scalafmt-dynamic_2.12-2.6.3.jar
Downloading https://repo1.maven.org/maven2/ch/epfl/scala/bsp4j/2.0.0-M4+10-61e61e87/bsp4j-2.0.0-M4+10-61e61e87.jar
Downloaded https://repo1.maven.org/maven2/com/google/guava/listenablefuture/9999.0-empty-to-avoid-conflict-with-guava/listenablefuture-9999.0-empty-to-avoid-conflict-with-guava.jar
Downloading https://repo1.maven.org/maven2/org/scalameta/metals_2.12/0.9.2/metals_2.12-0.9.2.jar
Downloaded https://repo1.maven.org/maven2/com/outr/perfolation-macros_2.12/1.1.7/perfolation-macros_2.12-1.1.7.jar
Downloading https://repo1.maven.org/maven2/com/lihaoyi/ujson_2.12/1.1.0/ujson_2.12-1.1.0.jar
Downloaded https://repo1.maven.org/maven2/net/java/dev/jna/jna-platform/5.6.0/jna-platform-5.6.0.jar
Downloading https://repo1.maven.org/maven2/org/scalameta/mtags-interfaces/0.9.2/mtags-interfaces-0.9.2.jar
Downloaded https://repo1.maven.org/maven2/ch/epfl/scala/bsp4j/2.0.0-M4+10-61e61e87/bsp4j-2.0.0-M4+10-61e61e87.jar
Downloading https://repo1.maven.org/maven2/org/eclipse/xtext/org.eclipse.xtext.xbase.lib/2.19.0/org.eclipse.xtext.xbase.lib-2.19.0.jar
Downloaded https://repo1.maven.org/maven2/com/geirsson/metaconfig-core_2.12/0.9.10/metaconfig-core_2.12-0.9.10.jar
Downloading https://repo1.maven.org/maven2/org/scalameta/semanticdb-scalac-core_2.12.12/4.3.20/semanticdb-scalac-core_2.12.12-4.3.20.jar
Downloaded https://repo1.maven.org/maven2/org/scalameta/mtags-interfaces/0.9.2/mtags-interfaces-0.9.2.jar
Downloading https://repo1.maven.org/maven2/com/lihaoyi/pprint_2.12/0.5.9/pprint_2.12-0.5.9.jar
Downloaded https://repo1.maven.org/maven2/com/lihaoyi/ujson_2.12/1.1.0/ujson_2.12-1.1.0.jar
Downloading https://repo1.maven.org/maven2/com/google/j2objc/j2objc-annotations/1.3/j2objc-annotations-1.3.jar
Downloaded https://repo1.maven.org/maven2/org/eclipse/xtext/org.eclipse.xtext.xbase.lib/2.19.0/org.eclipse.xtext.xbase.lib-2.19.0.jar
Downloading https://repo1.maven.org/maven2/com/outr/scribe_2.12/2.7.12/scribe_2.12-2.7.12.jar
Downloaded https://repo1.maven.org/maven2/org/scalameta/semanticdb-scalac-core_2.12.12/4.3.20/semanticdb-scalac-core_2.12.12-4.3.20.jar
Downloading https://repo1.maven.org/maven2/org/jboss/xnio/xnio-nio/3.8.1.Final/xnio-nio-3.8.1.Final.jar
Downloaded https://repo1.maven.org/maven2/com/google/j2objc/j2objc-annotations/1.3/j2objc-annotations-1.3.jar
Downloading https://repo1.maven.org/maven2/com/lihaoyi/sourcecode_2.12/0.2.1/sourcecode_2.12-0.2.1.jar
Downloaded https://repo1.maven.org/maven2/com/lihaoyi/pprint_2.12/0.5.9/pprint_2.12-0.5.9.jar
Downloading https://repo1.maven.org/maven2/org/scala-sbt/ipcsocket/ipcsocket/1.1.0/ipcsocket-1.1.0.jar
Downloaded https://repo1.maven.org/maven2/com/outr/scribe_2.12/2.7.12/scribe_2.12-2.7.12.jar
Downloading https://repo1.maven.org/maven2/com/thesamet/scalapb/lenses_2.12/0.10.3/lenses_2.12-0.10.3.jar
Downloaded https://repo1.maven.org/maven2/org/jboss/xnio/xnio-nio/3.8.1.Final/xnio-nio-3.8.1.Final.jar
Downloading https://repo1.maven.org/maven2/io/methvin/directory-watcher/0.9.10/directory-watcher-0.9.10.jar
Downloaded https://repo1.maven.org/maven2/com/lihaoyi/sourcecode_2.12/0.2.1/sourcecode_2.12-0.2.1.jar
Downloading https://repo1.maven.org/maven2/org/scala-lang/scala-library/2.12.12/scala-library-2.12.12.jar
Downloaded https://repo1.maven.org/maven2/com/thesamet/scalapb/lenses_2.12/0.10.3/lenses_2.12-0.10.3.jar
Downloading https://repo1.maven.org/maven2/org/scala-lang/modules/scala-collection-compat_2.12/2.1.6/scala-collection-compat_2.12-2.1.6.jar
Downloaded https://repo1.maven.org/maven2/org/scala-sbt/ipcsocket/ipcsocket/1.1.0/ipcsocket-1.1.0.jar
Downloading https://repo1.maven.org/maven2/org/scalameta/mdoc-interfaces/2.2.3/mdoc-interfaces-2.2.3.jar
Downloaded https://repo1.maven.org/maven2/io/methvin/directory-watcher/0.9.10/directory-watcher-0.9.10.jar
Downloading https://repo1.maven.org/maven2/com/google/guava/failureaccess/1.0.1/failureaccess-1.0.1.jar
Downloaded https://repo1.maven.org/maven2/org/scalameta/mdoc-interfaces/2.2.3/mdoc-interfaces-2.2.3.jar
Downloading https://repo1.maven.org/maven2/com/lihaoyi/requests_2.12/0.6.2/requests_2.12-0.6.2.jar
Downloaded https://repo1.maven.org/maven2/org/scala-lang/modules/scala-collection-compat_2.12/2.1.6/scala-collection-compat_2.12-2.1.6.jar
Downloading https://repo1.maven.org/maven2/org/flywaydb/flyway-core/6.5.1/flyway-core-6.5.1.jar
Downloaded https://repo1.maven.org/maven2/com/google/guava/failureaccess/1.0.1/failureaccess-1.0.1.jar
Downloading https://repo1.maven.org/maven2/org/scala-lang/modules/scala-java8-compat_2.12/0.9.1/scala-java8-compat_2.12-0.9.1.jar
Downloaded https://repo1.maven.org/maven2/com/lihaoyi/requests_2.12/0.6.2/requests_2.12-0.6.2.jar
Downloading https://repo1.maven.org/maven2/org/eclipse/xtend/org.eclipse.xtend.lib/2.19.0/org.eclipse.xtend.lib-2.19.0.jar
Downloaded https://repo1.maven.org/maven2/org/flywaydb/flyway-core/6.5.1/flyway-core-6.5.1.jar
Downloading https://repo1.maven.org/maven2/org/lz4/lz4-java/1.7.1/lz4-java-1.7.1.jar
Downloaded https://repo1.maven.org/maven2/org/eclipse/xtend/org.eclipse.xtend.lib/2.19.0/org.eclipse.xtend.lib-2.19.0.jar
Downloading https://repo1.maven.org/maven2/org/checkerframework/checker-qual/2.11.1/checker-qual-2.11.1.jar
Downloaded https://repo1.maven.org/maven2/org/scala-lang/modules/scala-java8-compat_2.12/0.9.1/scala-java8-compat_2.12-0.9.1.jar
Downloading https://repo1.maven.org/maven2/org/jsoup/jsoup/1.13.1/jsoup-1.13.1.jar
Downloaded https://repo1.maven.org/maven2/org/lz4/lz4-java/1.7.1/lz4-java-1.7.1.jar
Downloading https://repo1.maven.org/maven2/com/lihaoyi/geny_2.12/0.6.0/geny_2.12-0.6.0.jar
Downloaded https://repo1.maven.org/maven2/org/checkerframework/checker-qual/2.11.1/checker-qual-2.11.1.jar
Downloading https://repo1.maven.org/maven2/org/eclipse/xtend/org.eclipse.xtend.lib.macro/2.19.0/org.eclipse.xtend.lib.macro-2.19.0.jar
Downloaded https://repo1.maven.org/maven2/com/lihaoyi/geny_2.12/0.6.0/geny_2.12-0.6.0.jar
Downloading https://repo1.maven.org/maven2/com/thesamet/scalapb/scalapb-runtime_2.12/0.10.3/scalapb-runtime_2.12-0.10.3.jar
Downloaded https://repo1.maven.org/maven2/org/jsoup/jsoup/1.13.1/jsoup-1.13.1.jar
Downloading https://repo1.maven.org/maven2/org/scalameta/trees_2.12/4.3.20/trees_2.12-4.3.20.jar
Downloaded https://repo1.maven.org/maven2/org/scalameta/metals_2.12/0.9.2/metals_2.12-0.9.2.jar
Downloading https://repo1.maven.org/maven2/com/outr/perfolation_2.12/1.1.7/perfolation_2.12-1.1.7.jar
Downloaded https://repo1.maven.org/maven2/org/eclipse/xtend/org.eclipse.xtend.lib.macro/2.19.0/org.eclipse.xtend.lib.macro-2.19.0.jar
Downloading https://repo1.maven.org/maven2/org/jboss/logging/jboss-logging/3.4.1.Final/jboss-logging-3.4.1.Final.jar
Downloaded https://repo1.maven.org/maven2/org/scala-lang/scala-library/2.12.12/scala-library-2.12.12.jar
Downloading https://repo1.maven.org/maven2/com/lihaoyi/fastparse_2.12/2.3.0/fastparse_2.12-2.3.0.jar
Downloaded https://repo1.maven.org/maven2/com/outr/perfolation_2.12/1.1.7/perfolation_2.12-1.1.7.jar
Downloading https://repo1.maven.org/maven2/net/java/dev/jna/jna/5.6.0/jna-5.6.0.jar
Downloaded https://repo1.maven.org/maven2/org/jboss/logging/jboss-logging/3.4.1.Final/jboss-logging-3.4.1.Final.jar
Downloading https://repo1.maven.org/maven2/org/scalameta/common_2.12/4.3.20/common_2.12-4.3.20.jar
Downloaded https://repo1.maven.org/maven2/com/lihaoyi/fastparse_2.12/2.3.0/fastparse_2.12-2.3.0.jar
Downloading https://repo1.maven.org/maven2/com/outr/scribe-macros_2.12/2.7.12/scribe-macros_2.12-2.7.12.jar
Downloaded https://repo1.maven.org/maven2/com/outr/scribe-macros_2.12/2.7.12/scribe-macros_2.12-2.7.12.jar
Downloading https://repo1.maven.org/maven2/org/scalameta/fastparse_2.12/1.0.1/fastparse_2.12-1.0.1.jar
Downloaded https://repo1.maven.org/maven2/com/thesamet/scalapb/scalapb-runtime_2.12/0.10.3/scalapb-runtime_2.12-0.10.3.jar
Downloading https://repo1.maven.org/maven2/com/zaxxer/nuprocess/2.0.1/nuprocess-2.0.1.jar
Downloaded https://repo1.maven.org/maven2/org/scalameta/fastparse_2.12/1.0.1/fastparse_2.12-1.0.1.jar
Downloading https://repo1.maven.org/maven2/com/outr/scribe-slf4j_2.12/2.7.12/scribe-slf4j_2.12-2.7.12.jar
Downloaded https://repo1.maven.org/maven2/com/zaxxer/nuprocess/2.0.1/nuprocess-2.0.1.jar
Downloading https://repo1.maven.org/maven2/org/scalameta/mtags_2.12.12/0.9.2/mtags_2.12.12-0.9.2.jar
Downloaded https://repo1.maven.org/maven2/org/scalameta/common_2.12/4.3.20/common_2.12-4.3.20.jar
Downloading https://repo1.maven.org/maven2/com/google/guava/guava/29.0-jre/guava-29.0-jre.jar
Downloaded https://repo1.maven.org/maven2/com/outr/scribe-slf4j_2.12/2.7.12/scribe-slf4j_2.12-2.7.12.jar
Downloading https://repo1.maven.org/maven2/io/get-coursier/interface/0.0.24/interface-0.0.24.jar
Downloaded https://repo1.maven.org/maven2/net/java/dev/jna/jna/5.6.0/jna-5.6.0.jar
Downloading https://repo1.maven.org/maven2/org/scalameta/scalameta_2.12/4.3.20/scalameta_2.12-4.3.20.jar
Downloaded https://repo1.maven.org/maven2/org/scalameta/scalameta_2.12/4.3.20/scalameta_2.12-4.3.20.jar
Downloading https://repo1.maven.org/maven2/org/eclipse/lsp4j/org.eclipse.lsp4j.jsonrpc.debug/0.9.0/org.eclipse.lsp4j.jsonrpc.debug-0.9.0.jar
Downloaded https://repo1.maven.org/maven2/org/scalameta/mtags_2.12.12/0.9.2/mtags_2.12.12-0.9.2.jar
Downloading https://repo1.maven.org/maven2/com/google/code/gson/gson/2.8.2/gson-2.8.2.jar
Downloaded https://repo1.maven.org/maven2/org/eclipse/lsp4j/org.eclipse.lsp4j.jsonrpc.debug/0.9.0/org.eclipse.lsp4j.jsonrpc.debug-0.9.0.jar
Downloading https://repo1.maven.org/maven2/ch/epfl/scala/bloop-launcher_2.12/1.4.3/bloop-launcher_2.12-1.4.3.jar
Downloaded https://repo1.maven.org/maven2/com/google/code/gson/gson/2.8.2/gson-2.8.2.jar
Downloaded https://repo1.maven.org/maven2/io/get-coursier/interface/0.0.24/interface-0.0.24.jar
Downloaded https://repo1.maven.org/maven2/org/scalameta/trees_2.12/4.3.20/trees_2.12-4.3.20.jar
Downloaded https://repo1.maven.org/maven2/com/google/guava/guava/29.0-jre/guava-29.0-jre.jar
Downloaded https://repo1.maven.org/maven2/org/scala-lang/scala-compiler/2.12.12/scala-compiler-2.12.12.jar
Downloaded https://repo1.maven.org/maven2/ch/epfl/scala/bloop-launcher_2.12/1.4.3/bloop-launcher_2.12-1.4.3.jar
2020.07.26 13:54:15 INFO  logging to file /home/amardeep/vagrant_box/.metals/metals.log
[Error - 1:54:15 pm] Server initialization failed.
  Message: Internal error.
  Code: -32603 
java.util.concurrent.CompletionException: java.nio.file.AccessDeniedException: /home/amardeep/vagrant_box/.metals
	at java.base/java.util.concurrent.CompletableFuture.encodeThrowable(CompletableFuture.java:331)
	at java.base/java.util.concurrent.CompletableFuture.completeThrowable(CompletableFuture.java:346)
	at java.base/java.util.concurrent.CompletableFuture$UniAccept.tryFire(CompletableFuture.java:704)
	at java.base/java.util.concurrent.CompletableFuture.postComplete(CompletableFuture.java:506)
	at java.base/java.util.concurrent.CompletableFuture.completeExceptionally(CompletableFuture.java:2088)
	at scala.concurrent.java8.FuturesConvertersImpl$CF.apply(FutureConvertersImpl.scala:29)
	at scala.concurrent.java8.FuturesConvertersImpl$CF.apply(FutureConvertersImpl.scala:26)
	at scala.concurrent.impl.CallbackRunnable.run(Promise.scala:64)
	at scala.concurrent.BatchingExecutor$Batch.processBatch$1(BatchingExecutor.scala:67)
	at scala.concurrent.BatchingExecutor$Batch.$anonfun$run$1(BatchingExecutor.scala:82)
	at scala.runtime.java8.JFunction0$mcV$sp.apply(JFunction0$mcV$sp.java:23)
	at scala.concurrent.BlockContext$.withBlockContext(BlockContext.scala:85)
	at scala.concurrent.BatchingExecutor$Batch.run(BatchingExecutor.scala:59)
	at scala.concurrent.Future$InternalCallbackExecutor$.unbatchedExecute(Future.scala:875)
	at scala.concurrent.BatchingExecutor.execute(BatchingExecutor.scala:110)
	at scala.concurrent.BatchingExecutor.execute$(BatchingExecutor.scala:107)
	at scala.concurrent.Future$InternalCallbackExecutor$.execute(Future.scala:873)
	at scala.concurrent.impl.CallbackRunnable.executeWithValue(Promise.scala:72)
	at scala.concurrent.impl.Promise$DefaultPromise.$anonfun$tryComplete$1(Promise.scala:288)
	at scala.concurrent.impl.Promise$DefaultPromise.$anonfun$tryComplete$1$adapted(Promise.scala:288)
	at scala.concurrent.impl.Promise$DefaultPromise.tryComplete(Promise.scala:288)
	at scala.concurrent.Promise.complete(Promise.scala:53)
	at scala.concurrent.Promise.complete$(Promise.scala:52)
	at scala.concurrent.impl.Promise$DefaultPromise.complete(Promise.scala:187)
	at scala.concurrent.impl.Promise.$anonfun$transform$1(Promise.scala:33)
	at scala.concurrent.impl.CallbackRunnable.run(Promise.scala:64)
	at java.base/java.util.concurrent.ThreadPoolExecutor.runWorker(ThreadPoolExecutor.java:1128)
	at java.base/java.util.concurrent.ThreadPoolExecutor$Worker.run(ThreadPoolExecutor.java:628)
	at java.base/java.lang.Thread.run(Thread.java:834)
Caused by: java.nio.file.AccessDeniedException: /home/amardeep/vagrant_box/.metals
	at java.base/sun.nio.fs.UnixException.translateToIOException(UnixException.java:90)
	at java.base/sun.nio.fs.UnixException.rethrowAsIOException(UnixException.java:111)
	at java.base/sun.nio.fs.UnixException.rethrowAsIOException(UnixException.java:116)
	at java.base/sun.nio.fs.UnixFileSystemProvider.createDirectory(UnixFileSystemProvider.java:389)
	at java.base/java.nio.file.Files.createDirectory(Files.java:689)
	at java.base/java.nio.file.Files.createAndCheckIsDirectory(Files.java:796)
	at java.base/java.nio.file.Files.createDirectories(Files.java:782)
	at scala.meta.internal.metals.MetalsLogger$.redirectSystemOut(MetalsLogger.scala:32)
	at scala.meta.internal.metals.MetalsLogger$.setupLspLogger(MetalsLogger.scala:87)
	at scala.meta.internal.metals.MetalsLanguageServer.updateWorkspaceDirectory(MetalsLanguageServer.scala:256)
	at scala.meta.internal.metals.MetalsLanguageServer.$anonfun$initialize$2(MetalsLanguageServer.scala:587)
	at scala.concurrent.Future$.$anonfun$apply$1(Future.scala:659)
	at scala.util.Success.$anonfun$map$1(Try.scala:255)
	at scala.util.Success.map(Try.scala:213)
	at scala.concurrent.Future.$anonfun$map$1(Future.scala:292)
	at scala.concurrent.impl.Promise.liftedTree1$1(Promise.scala:33)
	... 5 more

[Error - 1:54:15 pm] Starting client failed
  Message: Internal error.
  Code: -32603 
java.util.concurrent.CompletionException: java.nio.file.AccessDeniedException: /home/amardeep/vagrant_box/.metals
	at java.base/java.util.concurrent.CompletableFuture.encodeThrowable(CompletableFuture.java:331)
	at java.base/java.util.concurrent.CompletableFuture.completeThrowable(CompletableFuture.java:346)
	at java.base/java.util.concurrent.CompletableFuture$UniAccept.tryFire(CompletableFuture.java:704)
	at java.base/java.util.concurrent.CompletableFuture.postComplete(CompletableFuture.java:506)
	at java.base/java.util.concurrent.CompletableFuture.completeExceptionally(CompletableFuture.java:2088)
	at scala.concurrent.java8.FuturesConvertersImpl$CF.apply(FutureConvertersImpl.scala:29)
	at scala.concurrent.java8.FuturesConvertersImpl$CF.apply(FutureConvertersImpl.scala:26)
	at scala.concurrent.impl.CallbackRunnable.run(Promise.scala:64)
	at scala.concurrent.BatchingExecutor$Batch.processBatch$1(BatchingExecutor.scala:67)
	at scala.concurrent.BatchingExecutor$Batch.$anonfun$run$1(BatchingExecutor.scala:82)
	at scala.runtime.java8.JFunction0$mcV$sp.apply(JFunction0$mcV$sp.java:23)
	at scala.concurrent.BlockContext$.withBlockContext(BlockContext.scala:85)
	at scala.concurrent.BatchingExecutor$Batch.run(BatchingExecutor.scala:59)
	at scala.concurrent.Future$InternalCallbackExecutor$.unbatchedExecute(Future.scala:875)
	at scala.concurrent.BatchingExecutor.execute(BatchingExecutor.scala:110)
	at scala.concurrent.BatchingExecutor.execute$(BatchingExecutor.scala:107)
	at scala.concurrent.Future$InternalCallbackExecutor$.execute(Future.scala:873)
	at scala.concurrent.impl.CallbackRunnable.executeWithValue(Promise.scala:72)
	at scala.concurrent.impl.Promise$DefaultPromise.$anonfun$tryComplete$1(Promise.scala:288)
	at scala.concurrent.impl.Promise$DefaultPromise.$anonfun$tryComplete$1$adapted(Promise.scala:288)
	at scala.concurrent.impl.Promise$DefaultPromise.tryComplete(Promise.scala:288)
	at scala.concurrent.Promise.complete(Promise.scala:53)
	at scala.concurrent.Promise.complete$(Promise.scala:52)
	at scala.concurrent.impl.Promise$DefaultPromise.complete(Promise.scala:187)
	at scala.concurrent.impl.Promise.$anonfun$transform$1(Promise.scala:33)
	at scala.concurrent.impl.CallbackRunnable.run(Promise.scala:64)
	at java.base/java.util.concurrent.ThreadPoolExecutor.runWorker(ThreadPoolExecutor.java:1128)
	at java.base/java.util.concurrent.ThreadPoolExecutor$Worker.run(ThreadPoolExecutor.java:628)
	at java.base/java.lang.Thread.run(Thread.java:834)
Caused by: java.nio.file.AccessDeniedException: /home/amardeep/vagrant_box/.metals
	at java.base/sun.nio.fs.UnixException.translateToIOException(UnixException.java:90)
	at java.base/sun.nio.fs.UnixException.rethrowAsIOException(UnixException.java:111)
	at java.base/sun.nio.fs.UnixException.rethrowAsIOException(UnixException.java:116)
	at java.base/sun.nio.fs.UnixFileSystemProvider.createDirectory(UnixFileSystemProvider.java:389)
	at java.base/java.nio.file.Files.createDirectory(Files.java:689)
	at java.base/java.nio.file.Files.createAndCheckIsDirectory(Files.java:796)
	at java.base/java.nio.file.Files.createDirectories(Files.java:782)
	at scala.meta.internal.metals.MetalsLogger$.redirectSystemOut(MetalsLogger.scala:32)
	at scala.meta.internal.metals.MetalsLogger$.setupLspLogger(MetalsLogger.scala:87)
	at scala.meta.internal.metals.MetalsLanguageServer.updateWorkspaceDirectory(MetalsLanguageServer.scala:256)
	at scala.meta.internal.metals.MetalsLanguageServer.$anonfun$initialize$2(MetalsLanguageServer.scala:587)
	at scala.concurrent.Future$.$anonfun$apply$1(Future.scala:659)
	at scala.util.Success.$anonfun$map$1(Try.scala:255)
	at scala.util.Success.map(Try.scala:213)
	at scala.concurrent.Future.$anonfun$map$1(Future.scala:292)
	at scala.concurrent.impl.Promise.liftedTree1$1(Promise.scala:33)
	... 5 more

2020.07.26 13:54:15 INFO  shutting down Metals
